0 info it worked if it ends with ok
1 verbose cli [ 'node', '/usr/local/bin/npm', 'publish' ]
2 info using npm@2.1.1
3 info using node@v0.10.36
4 verbose publish [ '.' ]
5 verbose cache add [ '.', null ]
6 verbose cache add spec="." args=[".",null]
7 verbose parsed spec { raw: '.',
7 verbose parsed spec   scope: null,
7 verbose parsed spec   name: null,
7 verbose parsed spec   rawSpec: '.',
7 verbose parsed spec   spec: '/Users/wuake/workspace/repos/_everyday/filo',
7 verbose parsed spec   type: 'local' }
8 verbose cache add local package /Users/wuake/workspace/repos/_everyday/filo
9 verbose tar pack [ '/Users/wuake/.npm/filo/0.0.1/package.tgz', '.' ]
10 verbose tarball /Users/wuake/.npm/filo/0.0.1/package.tgz
11 verbose folder .
12 info prepublish filo@0.0.1
13 silly publish { name: 'filo',
13 silly publish   version: '0.0.1',
13 silly publish   description: 'virtual file object',
13 silly publish   main: 'filo.js',
13 silly publish   author: { name: 'wuake', email: 'wgk1987@gmail.com' },
13 silly publish   homepage: 'https://github.com/akecn/filo',
13 silly publish   repository: { type: 'git', url: 'git://github.com/akecn/filo.git' },
13 silly publish   bugs: { url: 'https://github.com/akecn/filo/issues' },
13 silly publish   licenses:
13 silly publish    [ { type: 'MIT',
13 silly publish        url: 'https://github.com/akecn/filo/blob/master/LICENSE' } ],
13 silly publish   engines: { node: '>= 0.11.0', npm: '>=1.4.3' },
13 silly publish   scripts: { test: 'gulp test' },
13 silly publish   dependencies: { lodash: '^3.0.1', 'mime-types': '^2.0.8' },
13 silly publish   devDependencies:
13 silly publish    { chai: '^1.10.0',
13 silly publish      gulp: '^3.8.10',
13 silly publish      'gulp-jshint': '^1.9.2',
13 silly publish      'gulp-mocha': '^2.0.0',
13 silly publish      'jshint-stylish': '^1.0.0',
13 silly publish      mocha: '^2.1.0' },
13 silly publish   keywords: [],
13 silly publish   readme: 'Filo\n============\n\n## usage\n\nurl can be one of below:\n\n```\ntest.js\ntest/resource/a.js\ntest/??resource/a.js,b.js\n```\n\n### example\n\n```\nvar Filo = require(\'filo\');\nvar filo = new Filo("a.js");\nif(filo.isAvailable()) {\n    filo.output(); // return file buffer\n}\n\nfilo.combine(\'b.js\');\nfilo.output(); // module `a` and `b` combine;\n```\n\n_detail in `test/filo_test.js`_\n\n## Tests\n\nTo run tests run:\n\n```bash\ngulp test\n```',
13 silly publish   readmeFilename: 'README.md',
13 silly publish   gitHead: 'd05e95a05ed56a09989f7e2e02fc7d3fb14eebcc',
13 silly publish   _id: 'filo@0.0.1',
13 silly publish   _shasum: '435bdc150925502a267a726b46a3418e93719cf4',
13 silly publish   _from: '.' }
14 verbose mapToRegistry name filo
15 verbose mapToRegistry uri https://registry.npmjs.org/filo
16 verbose publish registryBase https://registry.npmjs.org/
17 verbose request on initialization, where is /filo
18 verbose request after pass 1, where is /filo
19 verbose request url raw /filo
20 verbose request resolving registry [ 'https://registry.npmjs.org/', './filo' ]
21 verbose request after pass 2, where is https://registry.npmjs.org/filo
22 verbose request sending authorization for write operation
23 info attempt registry request try #1 at 15:03:29
24 verbose request id c7de8c01a0eece75
25 http request PUT https://registry.npmjs.org/filo
26 http 403 https://registry.npmjs.org/filo
27 verbose headers { date: 'Tue, 03 Feb 2015 07:03:30 GMT',
27 verbose headers   server: 'CouchDB/1.5.0 (Erlang OTP/R16B03)',
27 verbose headers   'content-type': 'application/json',
27 verbose headers   'cache-control': 'max-age=60',
27 verbose headers   'content-length': '2692',
27 verbose headers   'accept-ranges': 'bytes',
27 verbose headers   via: '1.1 varnish',
27 verbose headers   'x-served-by': 'cache-ty68-TYO',
27 verbose headers   'x-cache': 'MISS',
27 verbose headers   'x-cache-hits': '0',
27 verbose headers   'x-timer': 'S1422947010.701945,VS0,VE137',
27 verbose headers   'keep-alive': 'timeout=10, max=50',
27 verbose headers   connection: 'Keep-Alive' }
28 error publish Failed PUT 403
29 verbose stack Error: forbidden cannot modify pre-existing version: 0.0.1
29 verbose stack old={"name":"filo","version":"0.0.1","description":"virtual object for multiple file","main":"index.js","scripts":{"test":"echo \"Error: no test specified\" && exit 1"},"author":{"name":"wuake"},"license":"MIT","_id":"filo@0.0.1","_shasum":"9b958eeef014c001d938640e445b60f05c359334","_from":".","_npmVersion":"2.1.1","_nodeVersion":"0.10.36","_npmUser":{"name":"wuake","email":"wgk1987@gmail.com"},"maintainers":[{"name":"wuake","email":"wgk1987@gmail.com"}],"dist":{"shasum":"9b958eeef014c001d938640e445b60f05c359334","tarball":"http://registry.npmjs.org/filo/-/filo-0.0.1.tgz"}}
29 verbose stack new={"name":"filo","version":"0.0.1","description":"virtual file object","main":"filo.js","author":{"name":"wuake","email":"wgk1987@gmail.com"},"homepage":"https://github.com/akecn/filo","repository":{"type":"git","url":"git://github.com/akecn/filo.git"},"bugs":{"url":"https://github.com/akecn/filo/issues"},"licenses":[{"type":"MIT","url":"https://github.com/akecn/filo/blob/master/LICENSE"}],"engines":{"node":">= 0.11.0","npm":">=1.4.3"},"scripts":{"test":"gulp test"},"dependencies":{"lodash":"^3.0.1","mime-types":"^2.0.8"},"devDependencies":{"chai":"^1.10.0","gulp":"^3.8.10","gulp-jshint":"^1.9.2","gulp-mocha":"^2.0.0","jshint-stylish":"^1.0.0","mocha":"^2.1.0"},"keywords":[],"readme":"Filo\u000a============\u000a\u000a## usage\u000a\u000aurl can be one of below:\u000a\u000a```\u000atest.js\u000atest/resource/a.js\u000atest/??resource/a.js,b.js\u000a```\u000a\u000a### example\u000a\u000a```\u000avar Filo = require('filo');\u000avar filo = new Filo(\"a.js\");\u000aif(filo.isAvailable()) {\u000a    filo.output(); // return file buffer\u000a}\u000a\u000afilo.combine('b.js');\u000afilo.output(); // module `a` and `b` combine;\u000a```\u000a\u000a_detail in `test/filo_test.js`_\u000a\u000a## Tests\u000a\u000aTo run tests run:\u000a\u000a```bash\u000agulp test\u000a```","readmeFilename":"README.md","gitHead":"d05e95a05ed56a09989f7e2e02fc7d3fb14eebcc","_id":"filo@0.0.1","_shasum":"435bdc150925502a267a726b46a3418e93719cf4","_from":".","_npmVersion":"2.1.1","_nodeVersion":"0.10.36","_npmUser":{"name":"wuake","email":"wgk1987@gmail.com"},"maintainers":[{"name":"wuake","email":"wgk1987@gmail.com"}],"dist":{"shasum":"435bdc150925502a267a726b46a3418e93719cf4","tarball":"http://registry.npmjs.org/filo/-/filo-0.0.1.tgz"}}: filo
29 verbose stack     at RegClient.<anonymous> (/usr/local/lib/node_modules/npm/node_modules/npm-registry-client/lib/request.js:260:14)
29 verbose stack     at Request._callback (/usr/local/lib/node_modules/npm/node_modules/npm-registry-client/lib/request.js:197:65)
29 verbose stack     at Request.self.callback (/usr/local/lib/node_modules/npm/node_modules/request/request.js:237:22)
29 verbose stack     at Request.emit (events.js:98:17)
29 verbose stack     at Request.<anonymous> (/usr/local/lib/node_modules/npm/node_modules/request/request.js:1146:14)
29 verbose stack     at Request.emit (events.js:117:20)
29 verbose stack     at IncomingMessage.<anonymous> (/usr/local/lib/node_modules/npm/node_modules/request/request.js:1097:12)
29 verbose stack     at IncomingMessage.emit (events.js:117:20)
29 verbose stack     at _stream_readable.js:944:16
29 verbose stack     at process._tickCallback (node.js:442:13)
30 verbose statusCode 403
31 verbose pkgid filo
32 verbose cwd /Users/wuake/workspace/repos/_everyday/filo
33 error Darwin 14.0.0
34 error argv "node" "/usr/local/bin/npm" "publish"
35 error node v0.10.36
36 error npm  v2.1.1
37 error code E403
38 error forbidden cannot modify pre-existing version: 0.0.1
38 error old={"name":"filo","version":"0.0.1","description":"virtual object for multiple file","main":"index.js","scripts":{"test":"echo \"Error: no test specified\" && exit 1"},"author":{"name":"wuake"},"license":"MIT","_id":"filo@0.0.1","_shasum":"9b958eeef014c001d938640e445b60f05c359334","_from":".","_npmVersion":"2.1.1","_nodeVersion":"0.10.36","_npmUser":{"name":"wuake","email":"wgk1987@gmail.com"},"maintainers":[{"name":"wuake","email":"wgk1987@gmail.com"}],"dist":{"shasum":"9b958eeef014c001d938640e445b60f05c359334","tarball":"http://registry.npmjs.org/filo/-/filo-0.0.1.tgz"}}
38 error new={"name":"filo","version":"0.0.1","description":"virtual file object","main":"filo.js","author":{"name":"wuake","email":"wgk1987@gmail.com"},"homepage":"https://github.com/akecn/filo","repository":{"type":"git","url":"git://github.com/akecn/filo.git"},"bugs":{"url":"https://github.com/akecn/filo/issues"},"licenses":[{"type":"MIT","url":"https://github.com/akecn/filo/blob/master/LICENSE"}],"engines":{"node":">= 0.11.0","npm":">=1.4.3"},"scripts":{"test":"gulp test"},"dependencies":{"lodash":"^3.0.1","mime-types":"^2.0.8"},"devDependencies":{"chai":"^1.10.0","gulp":"^3.8.10","gulp-jshint":"^1.9.2","gulp-mocha":"^2.0.0","jshint-stylish":"^1.0.0","mocha":"^2.1.0"},"keywords":[],"readme":"Filo\u000a============\u000a\u000a## usage\u000a\u000aurl can be one of below:\u000a\u000a```\u000atest.js\u000atest/resource/a.js\u000atest/??resource/a.js,b.js\u000a```\u000a\u000a### example\u000a\u000a```\u000avar Filo = require('filo');\u000avar filo = new Filo(\"a.js\");\u000aif(filo.isAvailable()) {\u000a    filo.output(); // return file buffer\u000a}\u000a\u000afilo.combine('b.js');\u000afilo.output(); // module `a` and `b` combine;\u000a```\u000a\u000a_detail in `test/filo_test.js`_\u000a\u000a## Tests\u000a\u000aTo run tests run:\u000a\u000a```bash\u000agulp test\u000a```","readmeFilename":"README.md","gitHead":"d05e95a05ed56a09989f7e2e02fc7d3fb14eebcc","_id":"filo@0.0.1","_shasum":"435bdc150925502a267a726b46a3418e93719cf4","_from":".","_npmVersion":"2.1.1","_nodeVersion":"0.10.36","_npmUser":{"name":"wuake","email":"wgk1987@gmail.com"},"maintainers":[{"name":"wuake","email":"wgk1987@gmail.com"}],"dist":{"shasum":"435bdc150925502a267a726b46a3418e93719cf4","tarball":"http://registry.npmjs.org/filo/-/filo-0.0.1.tgz"}}: filo
39 error If you need help, you may report this error at:
39 error     <http://github.com/npm/npm/issues>
40 verbose exit [ 1, true ]
